<?xml version="1.0" encoding="UTF-8"?>
<!-- Generated by org.testng.reporters.JUnitReportReporter -->
<testsuite hostname="CDC2-L-115FXRF" failures="0" tests="2" name="com.test.api.DeleteMessageTests" time="0.063" errors="0" timestamp="2024-07-03T02:31:18 IST" skipped="0">
  <testcase classname="com.test.api.DeleteMessageTests" name="verify_Deletion_of_message_is_success" time="0.051"/>
  <testcase classname="com.test.api.DeleteMessageTests" name="verify_API_returns_404_error_code_with_invalid_message_id" time="0.012"/>
</testsuite> <!-- com.test.api.DeleteMessageTests -->
