<?xml version="1.0" encoding="UTF-8"?>
<!-- Generated by org.testng.reporters.JUnitReportReporter -->
<testsuite hostname="CDC2-L-115FXRF" failures="0" tests="5" name="com.test.api.GetMessageTests" time="2.131" errors="0" timestamp="2024-07-03T02:31:18 IST" skipped="0">
  <testcase classname="com.test.api.GetMessageTests" name="Verify_that_API_returns_error_for_invalid_message_id" time="0.015"/>
  <testcase classname="com.test.api.GetMessageTests" name="Verify_that_API_generated_message_ids_are_unique" time="0.170"/>
  <testcase classname="com.test.api.GetMessageTests" name="Verify_that_API_fetches_all_messages_from_messages_enpoint" time="0.932"/>
  <testcase classname="com.test.api.GetMessageTests" name="Verify_that_API_fetches_message_for_a_particular_message_id" time="1.001"/>
  <testcase classname="com.test.api.GetMessageTests" name="Verify_that_API_returns_error_for_null_message_id" time="0.013"/>
</testsuite> <!-- com.test.api.GetMessageTests -->
