<?xml version="1.0" encoding="UTF-8"?>
<!-- Generated by org.testng.reporters.JUnitReportReporter -->
<testsuite hostname="CDC2-L-115FXRF" failures="0" tests="5" name="com.test.api.PostMessagesTests" time="0.178" errors="0" timestamp="2024-07-03T02:31:18 IST" skipped="0">
  <testcase classname="com.test.api.PostMessagesTests" name="sendMessageWithNoMessageField" time="0.034"/>
  <testcase classname="com.test.api.PostMessagesTests" name="sendMessage" time="0.037"/>
  <testcase classname="com.test.api.PostMessagesTests" name="sendMessageWithEmptySenderAndReceiverId" time="0.037"/>
  <testcase classname="com.test.api.PostMessagesTests" name="sendMessageWithNoSenderAndReceiver" time="0.032"/>
  <testcase classname="com.test.api.PostMessagesTests" name="sendEmptyMessage" time="0.038"/>
</testsuite> <!-- com.test.api.PostMessagesTests -->
